<?xml version="1.0" encoding="UTF-8"?>
<testng-results skipped="0" failed="0" total="1" passed="1">
  <reporter-output>
  </reporter-output>
  <suite name="Default suite" duration-ms="15355" started-at="2016-10-04T10:41:59Z" finished-at="2016-10-04T10:42:15Z">
    <groups>
    </groups>
    <test name="Default test" duration-ms="15355" started-at="2016-10-04T10:41:59Z" finished-at="2016-10-04T10:42:15Z">
      <class name="Testinc.Testinc.inc">
        <test-method status="PASS" signature="main()[pri:0, instance:Testinc.Testinc.inc@150ede8b]" name="main" duration-ms="15295" started-at="2016-10-04T16:11:59Z" finished-at="2016-10-04T16:12:15Z">
          <reporter-output>
          </reporter-output>
        </test-method> <!-- main -->
      </class> <!-- Testinc.Testinc.inc -->
    </test> <!-- Default test -->
  </suite> <!-- Default suite -->
</testng-results>
